Using pre-set license
Built from '2020.3/staging' branch; Version is '2020.3.3f1 (76626098c1c4) revision 7758432'; Using compiler version '192528614'; Build Type 'Release'
OS: 'Windows 10 Pro; OS build 19042.1466; Version 2009; 64bit' Language: 'tr' Physical Memory: 16221 MB
BatchMode: 1, IsHumanControllingUs: 0, StartBugReporterOnCrash: 0, Is64bit: 1, IsPro: 0

 COMMAND LINE ARGUMENTS:
C:\Program Files\Unity\Hub\Editor\2020.3.3f1\Editor\Unity.exe
-adb2
-batchMode
-noUpm
-name
AssetImportWorker0
-projectPath
C:/Users/yusra/Documents/GitHub/MyApplication/snakeGame/New Unity Project
-logFile
Logs/AssetImportWorker0.log
-srvPort
62428
Successfully changed project path to: C:/Users/yusra/Documents/GitHub/MyApplication/snakeGame/New Unity Project
C:/Users/yusra/Documents/GitHub/MyApplication/snakeGame/New Unity Project
Using Asset Import Pipeline V2.
Refreshing native plugins compatible for Editor in 20.62 ms, found 0 plugins.
Preloading 0 native plugins for Editor in 0.00 ms.
Initialize engine version: 2020.3.3f1 (76626098c1c4)
[Subsystems] Discovering subsystems at path C:/Program Files/Unity/Hub/Editor/2020.3.3f1/Editor/Data/Resources/UnitySubsystems
[Subsystems] Discovering subsystems at path C:/Users/yusra/Documents/GitHub/MyApplication/snakeGame/New Unity Project/Assets
GfxDevice: creating device client; threaded=0
Direct3D:
    Version:  Direct3D 11.0 [level 11.1]
    Renderer: NVIDIA GeForce GTX 1650 Ti (ID=0x1f95)
    Vendor:   
    VRAM:     3962 MB
    Driver:   30.0.14.9729
Initialize mono
Mono path[0] = 'C:/Program Files/Unity/Hub/Editor/2020.3.3f1/Editor/Data/Managed'
Mono path[1] = 'C:/Program Files/Unity/Hub/Editor/2020.3.3f1/Editor/Data/MonoBleedingEdge/lib/mono/unityjit'
Mono config path = 'C:/Program Files/Unity/Hub/Editor/2020.3.3f1/Editor/Data/MonoBleedingEdge/etc'
Using monoOptions --debugger-agent=transport=dt_socket,embedding=1,server=y,suspend=n,address=127.0.0.1:56932
Begin MonoManager ReloadAssembly
Registering precompiled unity dll's ...
Register platform support module: C:/Program Files/Unity/Hub/Editor/2020.3.3f1/Editor/Data/PlaybackEngines/WindowsStandaloneSupport/UnityEditor.WindowsStandalone.Extensions.dll
Registered in 0.001568 seconds.
Native extension for WindowsStandalone target not found
Refreshing native plugins compatible for Editor in 19.74 ms, found 0 plugins.
Preloading 0 native plugins for Editor in 0.00 ms.
Invoked RoslynAnalysisRunner static constructor.
RoslynAnalysisRunner will not be running.
RoslynAnalysisRunner has terminated.
Mono: successfully reloaded assembly
- Completed reload, in  1.699 seconds
Platform modules already initialized, skipping
Registering precompiled user dll's ...
Registered in 0.000518 seconds.
Begin MonoManager ReloadAssembly
Native extension for WindowsStandalone target not found
Refreshing native plugins compatible for Editor in 0.18 ms, found 0 plugins.
Preloading 0 native plugins for Editor in 0.00 ms.
Invoked RoslynAnalysisRunner static constructor.
RoslynAnalysisRunner will not be running.
RoslynAnalysisRunner has terminated.
Mono: successfully reloaded assembly
- Completed reload, in  0.677 seconds
Platform modules already initialized, skipping
========================================================================
Worker process is ready to serve import requests
Launched and connected shader compiler UnityShaderCompiler.exe after 0.04 seconds
Refreshing native plugins compatible for Editor in 0.43 ms, found 0 plugins.
Preloading 0 native plugins for Editor in 0.00 ms.
Unloading 1119 Unused Serialized files (Serialized files now loaded: 0)
System memory in use before: 59.1 MB.
System memory in use after: 59.1 MB.

Unloading 10 unused Assets to reduce memory usage. Loaded Objects now: 1562.
Total: 2.225200 ms (FindLiveObjects: 0.207400 ms CreateObjectMapping: 0.085200 ms MarkObjects: 1.849000 ms  DeleteObjects: 0.082400 ms)

========================================================================
Received Import Request.
  path: Assets
  artifactKey: Guid(00000000000000001000000000000000) Importer(815301076,1909f56bfc062723c751e8b465ee728b)
Start importing Assets using Guid(00000000000000001000000000000000) Importer(815301076,1909f56bfc062723c751e8b465ee728b)  -> (artifact id: 'b2e0e235c0f4af3754229b664788db90') in 0.007223 seconds
  Import took 0.008901 seconds .

========================================================================
Received Import Request.
  Time since last request: 1.779608 seconds.
  path: Assets/assets
  artifactKey: Guid(4455d1e6bca1c894ea8d859d97aa3e02) Importer(815301076,1909f56bfc062723c751e8b465ee728b)
Start importing Assets/assets using Guid(4455d1e6bca1c894ea8d859d97aa3e02) Importer(815301076,1909f56bfc062723c751e8b465ee728b)  -> (artifact id: '0ef59621b025d1ad3697416749438ee1') in 0.007883 seconds
  Import took 0.009420 seconds .

========================================================================
Received Import Request.
  Time since last request: 15.922267 seconds.
  path: Assets/script
  artifactKey: Guid(cb391638323dcf14988e9204dea692db) Importer(815301076,1909f56bfc062723c751e8b465ee728b)
Start importing Assets/script using Guid(cb391638323dcf14988e9204dea692db) Importer(815301076,1909f56bfc062723c751e8b465ee728b)  -> (artifact id: '351b86753d6564372bf16b9ca835e6d9') in 0.006983 seconds
  Import took 0.008716 seconds .

========================================================================
Received Import Request.
  Time since last request: 49.986226 seconds.
  path: Assets/assets/Stylized Nature Collection Lite
  artifactKey: Guid(18e92415464b0474c936ff22001ec4d5) Importer(815301076,1909f56bfc062723c751e8b465ee728b)
Start importing Assets/assets/Stylized Nature Collection Lite using Guid(18e92415464b0474c936ff22001ec4d5) Importer(815301076,1909f56bfc062723c751e8b465ee728b)  -> (artifact id: '0afa49b56f4962f1c59fb9ed985ba658') in 0.009344 seconds
  Import took 0.011471 seconds .

========================================================================
Received Import Request.
  Time since last request: 0.000494 seconds.
  path: Assets/assets/Stylized Nature Collection Lite
  artifactKey: Guid(18e92415464b0474c936ff22001ec4d5) Importer(815301076,1909f56bfc062723c751e8b465ee728b)
Start importing Assets/assets/Stylized Nature Collection Lite using Guid(18e92415464b0474c936ff22001ec4d5) Importer(815301076,1909f56bfc062723c751e8b465ee728b)  -> (artifact id: '0afa49b56f4962f1c59fb9ed985ba658') in 0.003237 seconds
  Import took 0.005007 seconds .

========================================================================
Received Import Request.
  Time since last request: 1.338780 seconds.
  path: Assets/assets/QS
  artifactKey: Guid(2489602edc3a88a41ad5374029e118a7) Importer(815301076,1909f56bfc062723c751e8b465ee728b)
Start importing Assets/assets/QS using Guid(2489602edc3a88a41ad5374029e118a7) Importer(815301076,1909f56bfc062723c751e8b465ee728b)  -> (artifact id: '011f4af12ffb756db1181c945dbec984') in 0.007736 seconds
  Import took 0.010163 seconds .

========================================================================
Received Import Request.
  Time since last request: 0.000758 seconds.
  path: Assets/assets/QS
  artifactKey: Guid(2489602edc3a88a41ad5374029e118a7) Importer(815301076,1909f56bfc062723c751e8b465ee728b)
Start importing Assets/assets/QS using Guid(2489602edc3a88a41ad5374029e118a7) Importer(815301076,1909f56bfc062723c751e8b465ee728b)  -> (artifact id: '011f4af12ffb756db1181c945dbec984') in 0.003209 seconds
  Import took 0.004966 seconds .

========================================================================
Received Import Request.
  Time since last request: 13.614185 seconds.
  path: Assets/assets/tas
  artifactKey: Guid(18e92415464b0474c936ff22001ec4d5) Importer(815301076,1909f56bfc062723c751e8b465ee728b)
Start importing Assets/assets/tas using Guid(18e92415464b0474c936ff22001ec4d5) Importer(815301076,1909f56bfc062723c751e8b465ee728b)  -> (artifact id: '70b365d2ec7fe99dbc210493149ddf59') in 0.007562 seconds
  Import took 0.009588 seconds .

========================================================================
Received Import Request.
  Time since last request: 1.622614 seconds.
  path: Assets/assets/Cartoony Spruces
  artifactKey: Guid(9b5161d4e99e9c4409c96a6b8ee5dde1) Importer(815301076,1909f56bfc062723c751e8b465ee728b)
Start importing Assets/assets/Cartoony Spruces using Guid(9b5161d4e99e9c4409c96a6b8ee5dde1) Importer(815301076,1909f56bfc062723c751e8b465ee728b)  -> (artifact id: 'a0449b48281eaa676240ec30d2cc02d5') in 0.007765 seconds
  Import took 0.009652 seconds .

========================================================================
Received Import Request.
  Time since last request: 0.001106 seconds.
  path: Assets/assets/Cartoony Spruces
  artifactKey: Guid(9b5161d4e99e9c4409c96a6b8ee5dde1) Importer(815301076,1909f56bfc062723c751e8b465ee728b)
Start importing Assets/assets/Cartoony Spruces using Guid(9b5161d4e99e9c4409c96a6b8ee5dde1) Importer(815301076,1909f56bfc062723c751e8b465ee728b)  -> (artifact id: 'a0449b48281eaa676240ec30d2cc02d5') in 0.002633 seconds
  Import took 0.004245 seconds .

========================================================================
Received Import Request.
  Time since last request: 4.169392 seconds.
  path: Assets/assets/Survival Kit Lite
  artifactKey: Guid(73e4f400f1668984fab51867218b0b4a) Importer(815301076,1909f56bfc062723c751e8b465ee728b)
Start importing Assets/assets/Survival Kit Lite using Guid(73e4f400f1668984fab51867218b0b4a) Importer(815301076,1909f56bfc062723c751e8b465ee728b)  -> (artifact id: 'ccb76b3b3c0ce34451bb4d66657a8dbe') in 0.007358 seconds
  Import took 0.009619 seconds .

========================================================================
Received Import Request.
  Time since last request: 4.496360 seconds.
  path: Assets/assets/elma
  artifactKey: Guid(73e4f400f1668984fab51867218b0b4a) Importer(815301076,1909f56bfc062723c751e8b465ee728b)
Start importing Assets/assets/elma using Guid(73e4f400f1668984fab51867218b0b4a) Importer(815301076,1909f56bfc062723c751e8b465ee728b)  -> (artifact id: '570df3605137e2f94a6e2ab1663d5ca8') in 0.006453 seconds
  Import took 0.008432 seconds .

========================================================================
Received Import Request.
  Time since last request: 38.902236 seconds.
  path: Assets/assets/agac
  artifactKey: Guid(9b5161d4e99e9c4409c96a6b8ee5dde1) Importer(815301076,1909f56bfc062723c751e8b465ee728b)
Start importing Assets/assets/agac using Guid(9b5161d4e99e9c4409c96a6b8ee5dde1) Importer(815301076,1909f56bfc062723c751e8b465ee728b)  -> (artifact id: '85fefb015ad63a7a1ac2d3ecd1318739') in 0.006971 seconds
  Import took 0.009071 seconds .

========================================================================
Received Import Request.
  Time since last request: 13.535027 seconds.
  path: Assets/assets/cim
  artifactKey: Guid(2489602edc3a88a41ad5374029e118a7) Importer(815301076,1909f56bfc062723c751e8b465ee728b)
Start importing Assets/assets/cim using Guid(2489602edc3a88a41ad5374029e118a7) Importer(815301076,1909f56bfc062723c751e8b465ee728b)  -> (artifact id: 'ad9d2a4e121caec52f09aefcbe2d40ed') in 0.005830 seconds
  Import took 0.007804 seconds .

========================================================================
Received Import Request.
  Time since last request: 19.921689 seconds.
  path: Assets/assets/New Folder
  artifactKey: Guid(d62818593255c88469e0b535a4c08c96) Importer(815301076,1909f56bfc062723c751e8b465ee728b)
Start importing Assets/assets/New Folder using Guid(d62818593255c88469e0b535a4c08c96) Importer(815301076,1909f56bfc062723c751e8b465ee728b)  -> (artifact id: 'a4790b83f248622798ecb8de492e41ee') in 0.006358 seconds
  Import took 0.008176 seconds .

========================================================================
Received Import Request.
  Time since last request: 366.758907 seconds.
  path: Assets/assets/New Folder/sag.png
  artifactKey: Guid(429f6466055de1845890685d70442dda) Importer(815301076,1909f56bfc062723c751e8b465ee728b)
Start importing Assets/assets/New Folder/sag.png using Guid(429f6466055de1845890685d70442dda) Importer(815301076,1909f56bfc062723c751e8b465ee728b)  -> (artifact id: '52742b3a339bd2f0bed24c98e3bead71') in 0.051122 seconds
  Import took 0.053354 seconds .

========================================================================
Received Import Request.
  Time since last request: 60.787283 seconds.
  path: Assets/assets/New Folder/sol.png
  artifactKey: Guid(20e7c9b87eaaf29438026b6f98cf056e) Importer(815301076,1909f56bfc062723c751e8b465ee728b)
Start importing Assets/assets/New Folder/sol.png using Guid(20e7c9b87eaaf29438026b6f98cf056e) Importer(815301076,1909f56bfc062723c751e8b465ee728b)  -> (artifact id: '07fca330889f0cfbd2245e60a7833fbd') in 0.020229 seconds
  Import took 0.021877 seconds .

========================================================================
Received Import Request.
  Time since last request: 49.771954 seconds.
  path: Assets/assets/New Folder/sag.png
  artifactKey: Guid(429f6466055de1845890685d70442dda) Importer(815301076,1909f56bfc062723c751e8b465ee728b)
Start importing Assets/assets/New Folder/sag.png using Guid(429f6466055de1845890685d70442dda) Importer(815301076,1909f56bfc062723c751e8b465ee728b)  -> (artifact id: 'c303f179f98b72be4cc9d2576f7747e2') in 0.043774 seconds
  Import took 0.045420 seconds .

========================================================================
Received Import Request.
  Time since last request: 0.000221 seconds.
  path: Assets/assets/New Folder/sol.png
  artifactKey: Guid(20e7c9b87eaaf29438026b6f98cf056e) Importer(815301076,1909f56bfc062723c751e8b465ee728b)
Start importing Assets/assets/New Folder/sol.png using Guid(20e7c9b87eaaf29438026b6f98cf056e) Importer(815301076,1909f56bfc062723c751e8b465ee728b)  -> (artifact id: 'cfcdea74add9631a7d1ca1a1ef683e44') in 0.013679 seconds
  Import took 0.015180 seconds .

========================================================================
Received Prepare
Registering precompiled user dll's ...
Registered in 0.000757 seconds.
Begin MonoManager ReloadAssembly
Native extension for WindowsStandalone target not found
Refreshing native plugins compatible for Editor in 0.20 ms, found 0 plugins.
Preloading 0 native plugins for Editor in 0.00 ms.
Invoked RoslynAnalysisRunner static constructor.
RoslynAnalysisRunner will not be running.
RoslynAnalysisRunner has terminated.
Mono: successfully reloaded assembly
- Completed reload, in  0.728 seconds
Platform modules already initialized, skipping
Switching build target platform(5) subTarget(0) extendedPlatform(0) -> platform(13) subTarget(537395200) extendedPlatform(0)
Refreshing native plugins compatible for Editor in 0.19 ms, found 0 plugins.
Preloading 0 native plugins for Editor in 0.00 ms.
Unloading 1114 Unused Serialized files (Serialized files now loaded: 0)
System memory in use before: 61.4 MB.
System memory in use after: 61.5 MB.

Unloading 5 unused Assets to reduce memory usage. Loaded Objects now: 1573.
Total: 1.553700 ms (FindLiveObjects: 0.120900 ms CreateObjectMapping: 0.030800 ms MarkObjects: 1.362900 ms  DeleteObjects: 0.038200 ms)

AssetImportParameters requested are different than current active one (requested -> active):
  custom:graphics/normal-map-encoding: 01000000000000000000000000000000 -> 02000000000000000000000000000000
========================================================================
Received Prepare
Refreshing native plugins compatible for Editor in 0.56 ms, found 0 plugins.
Preloading 0 native plugins for Editor in 0.00 ms.
Unloading 3 Unused Serialized files (Serialized files now loaded: 0)
System memory in use before: 39.4 MB.
System memory in use after: 39.5 MB.

Unloading 3 unused Assets to reduce memory usage. Loaded Objects now: 1573.
Total: 1.556500 ms (FindLiveObjects: 0.157900 ms CreateObjectMapping: 0.066100 ms MarkObjects: 1.298500 ms  DeleteObjects: 0.033300 ms)

========================================================================
Received Import Request.
  Time since last request: 79.933695 seconds.
  path: Assets/assets/New Folder/sag.png
  artifactKey: Guid(429f6466055de1845890685d70442dda) Importer(815301076,1909f56bfc062723c751e8b465ee728b)
Start importing Assets/assets/New Folder/sag.png using Guid(429f6466055de1845890685d70442dda) Importer(815301076,1909f56bfc062723c751e8b465ee728b)  -> (artifact id: '5042d1a05a1edff8cb51a0c0fc4938bb') in 0.046439 seconds
  Import took 0.048398 seconds .

========================================================================
Received Import Request.
  Time since last request: 0.000291 seconds.
  path: Assets/assets/New Folder/sol.png
  artifactKey: Guid(20e7c9b87eaaf29438026b6f98cf056e) Importer(815301076,1909f56bfc062723c751e8b465ee728b)
Start importing Assets/assets/New Folder/sol.png using Guid(20e7c9b87eaaf29438026b6f98cf056e) Importer(815301076,1909f56bfc062723c751e8b465ee728b)  -> (artifact id: 'cfaada56f8fedd3dc4e1357c44cd3807') in 0.011141 seconds
  Import took 0.012813 seconds .

========================================================================
Received Import Request.
  Time since last request: 804.768663 seconds.
  path: Assets/assets/material
  artifactKey: Guid(d92c63dddf29b4d4880c7b63719d5f3c) Importer(815301076,1909f56bfc062723c751e8b465ee728b)
Start importing Assets/assets/material using Guid(d92c63dddf29b4d4880c7b63719d5f3c) Importer(815301076,1909f56bfc062723c751e8b465ee728b)  -> (artifact id: '1788964f0632278e42c5affaa7d78ebf') in 0.006674 seconds
  Import took 0.009180 seconds .

========================================================================
Received Import Request.
  Time since last request: 98.802332 seconds.
  path: Assets/assets/material/zemin.mat
  artifactKey: Guid(3409ddab2d043cb46a31fb365dcaf3c8) Importer(815301076,1909f56bfc062723c751e8b465ee728b)
Start importing Assets/assets/material/zemin.mat using Guid(3409ddab2d043cb46a31fb365dcaf3c8) Importer(815301076,1909f56bfc062723c751e8b465ee728b)  -> (artifact id: 'ec077f9637519656bccd90e21f6075f2') in 0.058383 seconds
  Import took 0.060362 seconds .

========================================================================
Received Import Request.
  Time since last request: 43.643076 seconds.
  path: Assets/assets/elma/Icons/Apple_A.png
  artifactKey: Guid(1c88f440180d73a4cba1593d6b94af19) Importer(815301076,1909f56bfc062723c751e8b465ee728b)
Start importing Assets/assets/elma/Icons/Apple_A.png using Guid(1c88f440180d73a4cba1593d6b94af19) Importer(815301076,1909f56bfc062723c751e8b465ee728b)  -> (artifact id: 'e8a84e3c24d9cec9ed81d2996e7270bf') in 0.015408 seconds
  Import took 0.017368 seconds .

========================================================================
Received Import Request.
  Time since last request: 0.000256 seconds.
  path: Assets/assets/elma/Icons/Baterry_B.png
  artifactKey: Guid(4fec1bff94edaef4ba8d7c621e8a8b74) Importer(815301076,1909f56bfc062723c751e8b465ee728b)
Start importing Assets/assets/elma/Icons/Baterry_B.png using Guid(4fec1bff94edaef4ba8d7c621e8a8b74) Importer(815301076,1909f56bfc062723c751e8b465ee728b)  -> (artifact id: '4dcdf42222953eb58f31da9187681394') in 0.023724 seconds
  Import took 0.025820 seconds .

========================================================================
Received Import Request.
  Time since last request: 0.000494 seconds.
  path: Assets/assets/elma/Icons/Apple_A.png
  artifactKey: Guid(1c88f440180d73a4cba1593d6b94af19) Importer(815301076,1909f56bfc062723c751e8b465ee728b)
Start importing Assets/assets/elma/Icons/Apple_A.png using Guid(1c88f440180d73a4cba1593d6b94af19) Importer(815301076,1909f56bfc062723c751e8b465ee728b)  -> (artifact id: 'e8a84e3c24d9cec9ed81d2996e7270bf') in 0.014011 seconds
  Import took 0.016324 seconds .

========================================================================
Received Import Request.
  Time since last request: 0.000283 seconds.
  path: Assets/assets/elma/Apple/Textures/Apple_ao.png
  artifactKey: Guid(4bc3ac9cf74f82246a16e990cf6f3a3f) Importer(815301076,1909f56bfc062723c751e8b465ee728b)
Start importing Assets/assets/elma/Apple/Textures/Apple_ao.png using Guid(4bc3ac9cf74f82246a16e990cf6f3a3f) Importer(815301076,1909f56bfc062723c751e8b465ee728b)  -> (artifact id: '8964f5d90efcfb50468e90af8479c56b') in 0.030221 seconds
  Import took 0.032109 seconds .

========================================================================
Received Import Request.
  Time since last request: 0.000170 seconds.
  path: Assets/assets/elma/Icons/Apple_B.png
  artifactKey: Guid(595df4139623e93498e02108674ff1f0) Importer(815301076,1909f56bfc062723c751e8b465ee728b)
Start importing Assets/assets/elma/Icons/Apple_B.png using Guid(595df4139623e93498e02108674ff1f0) Importer(815301076,1909f56bfc062723c751e8b465ee728b)  -> (artifact id: 'f685953e091b1ed8d21e9343ce4ca3a4') in 0.012627 seconds
  Import took 0.014552 seconds .

========================================================================
Received Import Request.
  Time since last request: 0.000298 seconds.
  path: Assets/assets/elma/Apple/Textures/Apple_Albedo.png
  artifactKey: Guid(bd47fdf2bf99b7845a7a3d7c6aefb88a) Importer(815301076,1909f56bfc062723c751e8b465ee728b)
Start importing Assets/assets/elma/Apple/Textures/Apple_Albedo.png using Guid(bd47fdf2bf99b7845a7a3d7c6aefb88a) Importer(815301076,1909f56bfc062723c751e8b465ee728b)  -> (artifact id: 'ce2aa39af940248de3db337c369ddd32') in 0.027929 seconds
  Import took 0.029649 seconds .

========================================================================
Received Import Request.
  Time since last request: 0.000200 seconds.
  path: Assets/assets/elma/Baterry/Textures/Baterry_diffuse.png
  artifactKey: Guid(4677a1f1e41ef20448ef6394115a3dfa) Importer(815301076,1909f56bfc062723c751e8b465ee728b)
Start importing Assets/assets/elma/Baterry/Textures/Baterry_diffuse.png using Guid(4677a1f1e41ef20448ef6394115a3dfa) Importer(815301076,1909f56bfc062723c751e8b465ee728b)  -> (artifact id: '2a1ead1c81bba063810842d83dd81fdb') in 0.013609 seconds
  Import took 0.015177 seconds .

========================================================================
Received Import Request.
  Time since last request: 0.000297 seconds.
  path: Assets/assets/elma/Apple/Textures/Apple_Albedo.png
  artifactKey: Guid(bd47fdf2bf99b7845a7a3d7c6aefb88a) Importer(815301076,1909f56bfc062723c751e8b465ee728b)
Start importing Assets/assets/elma/Apple/Textures/Apple_Albedo.png using Guid(bd47fdf2bf99b7845a7a3d7c6aefb88a) Importer(815301076,1909f56bfc062723c751e8b465ee728b)  -> (artifact id: 'ce2aa39af940248de3db337c369ddd32') in 0.022784 seconds
  Import took 0.024629 seconds .

========================================================================
Received Import Request.
  Time since last request: 0.000284 seconds.
  path: Assets/assets/elma/Icons/Baterry_A.png
  artifactKey: Guid(8d9854d5b0722ff40a1a464ffcb3a5cb) Importer(815301076,1909f56bfc062723c751e8b465ee728b)
Start importing Assets/assets/elma/Icons/Baterry_A.png using Guid(8d9854d5b0722ff40a1a464ffcb3a5cb) Importer(815301076,1909f56bfc062723c751e8b465ee728b)  -> (artifact id: 'd1f201b3b8bb8959fa9ceca3d66583c2') in 0.012400 seconds
  Import took 0.014026 seconds .

========================================================================
Received Import Request.
  Time since last request: 0.000244 seconds.
  path: Assets/assets/elma/Apple/Textures/Apple_Normal.png
  artifactKey: Guid(22a50d34773f6e14883947891a2316e9) Importer(815301076,1909f56bfc062723c751e8b465ee728b)
Start importing Assets/assets/elma/Apple/Textures/Apple_Normal.png using Guid(22a50d34773f6e14883947891a2316e9) Importer(815301076,1909f56bfc062723c751e8b465ee728b)  -> (artifact id: '762d1e386f918d7cf938d41cef7257bc') in 0.023005 seconds
  Import took 0.025266 seconds .

========================================================================
Received Import Request.
  Time since last request: 1.524720 seconds.
  path: Assets/assets/elma/Baterry/Textures/Baterry_normal.png
  artifactKey: Guid(7d10b9b4dfdcc6848a0f5e451038749a) Importer(815301076,1909f56bfc062723c751e8b465ee728b)
Start importing Assets/assets/elma/Baterry/Textures/Baterry_normal.png using Guid(7d10b9b4dfdcc6848a0f5e451038749a) Importer(815301076,1909f56bfc062723c751e8b465ee728b)  -> (artifact id: '292a699ead91cd1e52484c2d253b9231') in 0.011545 seconds
  Import took 0.013483 seconds .

========================================================================
Received Import Request.
  Time since last request: 0.000312 seconds.
  path: Assets/assets/elma/Baterry/Textures/Baterry_specular.tga
  artifactKey: Guid(c1dbfa28ce6fb274a80a020b72c46c44) Importer(815301076,1909f56bfc062723c751e8b465ee728b)
Start importing Assets/assets/elma/Baterry/Textures/Baterry_specular.tga using Guid(c1dbfa28ce6fb274a80a020b72c46c44) Importer(815301076,1909f56bfc062723c751e8b465ee728b)  -> (artifact id: '90c48292462995b4dc683159a870e9dd') in 0.030520 seconds
  Import took 0.032020 seconds .

========================================================================
Received Import Request.
  Time since last request: 0.000572 seconds.
  path: Assets/assets/elma/Baterry/Textures/Baterry_specular.tga
  artifactKey: Guid(c1dbfa28ce6fb274a80a020b72c46c44) Importer(815301076,1909f56bfc062723c751e8b465ee728b)
Start importing Assets/assets/elma/Baterry/Textures/Baterry_specular.tga using Guid(c1dbfa28ce6fb274a80a020b72c46c44) Importer(815301076,1909f56bfc062723c751e8b465ee728b)  -> (artifact id: '90c48292462995b4dc683159a870e9dd') in 0.008080 seconds
  Import took 0.010087 seconds .

========================================================================
Received Import Request.
  Time since last request: 0.076512 seconds.
  path: Assets/assets/elma/Icons/Bottle_A.png
  artifactKey: Guid(a84a9b46ec7c6894da54d5e85f1a6d44) Importer(815301076,1909f56bfc062723c751e8b465ee728b)
Start importing Assets/assets/elma/Icons/Bottle_A.png using Guid(a84a9b46ec7c6894da54d5e85f1a6d44) Importer(815301076,1909f56bfc062723c751e8b465ee728b)  -> (artifact id: 'b860b7a4ab731f6102887b65f10645e8') in 0.009845 seconds
  Import took 0.011668 seconds .

========================================================================
Received Import Request.
  Time since last request: 0.000271 seconds.
  path: Assets/assets/elma/Water_Bottle/Textures/Bottle_ao.png
  artifactKey: Guid(343f9efa9b386ee49841ff3ae94cdd0d) Importer(815301076,1909f56bfc062723c751e8b465ee728b)
Start importing Assets/assets/elma/Water_Bottle/Textures/Bottle_ao.png using Guid(343f9efa9b386ee49841ff3ae94cdd0d) Importer(815301076,1909f56bfc062723c751e8b465ee728b)  -> (artifact id: '7942f548921e224d1d45921b3aedd974') in 0.018442 seconds
  Import took 0.020003 seconds .

========================================================================
Received Import Request.
  Time since last request: 0.541219 seconds.
  path: Assets/assets/elma/Icons/Bottle_B.png
  artifactKey: Guid(65a83d5ce2a3a6944916da9786db40e7) Importer(815301076,1909f56bfc062723c751e8b465ee728b)
Start importing Assets/assets/elma/Icons/Bottle_B.png using Guid(65a83d5ce2a3a6944916da9786db40e7) Importer(815301076,1909f56bfc062723c751e8b465ee728b)  -> (artifact id: '4d7c7cbe96f19e762066b935b1aa5fc1') in 0.010187 seconds
  Import took 0.012550 seconds .

========================================================================
Received Import Request.
  Time since last request: 0.000308 seconds.
  path: Assets/assets/elma/Water_Bottle/Textures/Bottle_diffuse.png
  artifactKey: Guid(2203d5edc9aa41547ae296d647b12414) Importer(815301076,1909f56bfc062723c751e8b465ee728b)
Start importing Assets/assets/elma/Water_Bottle/Textures/Bottle_diffuse.png using Guid(2203d5edc9aa41547ae296d647b12414) Importer(815301076,1909f56bfc062723c751e8b465ee728b)  -> (artifact id: 'b8a6bf6dde94360f27e3805df25ceaa8') in 0.031227 seconds
  Import took 0.033373 seconds .

========================================================================
Received Import Request.
  Time since last request: 0.224124 seconds.
  path: Assets/assets/elma/Water_Bottle/Textures/bottle_normal.png
  artifactKey: Guid(775d08fad1978e04dba9968daece389b) Importer(815301076,1909f56bfc062723c751e8b465ee728b)
Start importing Assets/assets/elma/Water_Bottle/Textures/bottle_normal.png using Guid(775d08fad1978e04dba9968daece389b) Importer(815301076,1909f56bfc062723c751e8b465ee728b)  -> (artifact id: 'bdad10ab51ce3ca962ce6875c0f35486') in 0.041106 seconds
  Import took 0.044818 seconds .

========================================================================
Received Import Request.
  Time since last request: 0.000284 seconds.
  path: Assets/assets/elma/Water_Bottle/Textures/Bottle_specular.tga
  artifactKey: Guid(f5129d3e9b3213649908a70483f195a2) Importer(815301076,1909f56bfc062723c751e8b465ee728b)
Start importing Assets/assets/elma/Water_Bottle/Textures/Bottle_specular.tga using Guid(f5129d3e9b3213649908a70483f195a2) Importer(815301076,1909f56bfc062723c751e8b465ee728b)  -> (artifact id: '3feab213e9caddc7676a5af865d28807') in 0.022416 seconds
  Import took 0.023985 seconds .

========================================================================
Received Import Request.
  Time since last request: 0.032269 seconds.
  path: Assets/assets/tas/Textures/Bricks_3.png
  artifactKey: Guid(a575512533bdca84d8f439773b133466) Importer(815301076,1909f56bfc062723c751e8b465ee728b)
Start importing Assets/assets/tas/Textures/Bricks_3.png using Guid(a575512533bdca84d8f439773b133466) Importer(815301076,1909f56bfc062723c751e8b465ee728b)  -> (artifact id: '05486b7a19f721ac2e2c82f9be2d5746') in 0.075860 seconds
  Import took 0.077718 seconds .

========================================================================
Received Import Request.
  Time since last request: 0.000132 seconds.
  path: Assets/assets/tas/Textures/Bricks_normals.png
  artifactKey: Guid(5015829b95a803c4a8da907fb4fb9e14) Importer(815301076,1909f56bfc062723c751e8b465ee728b)
Start importing Assets/assets/tas/Textures/Bricks_normals.png using Guid(5015829b95a803c4a8da907fb4fb9e14) Importer(815301076,1909f56bfc062723c751e8b465ee728b)  -> (artifact id: '76dfec978c3c0a0fc0f9edce4ccfdbc6') in 0.078412 seconds
  Import took 0.080034 seconds .

========================================================================
Received Import Request.
  Time since last request: 0.345904 seconds.
  path: Assets/assets/elma/Icons/Flashlight_A.png
  artifactKey: Guid(1cbd55fcaa8c4984d918b1ce8dfe6dc8) Importer(815301076,1909f56bfc062723c751e8b465ee728b)
Start importing Assets/assets/elma/Icons/Flashlight_A.png using Guid(1cbd55fcaa8c4984d918b1ce8dfe6dc8) Importer(815301076,1909f56bfc062723c751e8b465ee728b)  -> (artifact id: 'b49fff8953d89f242559ef626ad0049b') in 0.020491 seconds
  Import took 0.024186 seconds .

========================================================================
Received Import Request.
  Time since last request: 0.000269 seconds.
  path: Assets/assets/elma/Flashlight/Textures/Flashlight_ao.png
  artifactKey: Guid(b07e3c7116372544f8312c334f5d714e) Importer(815301076,1909f56bfc062723c751e8b465ee728b)
Start importing Assets/assets/elma/Flashlight/Textures/Flashlight_ao.png using Guid(b07e3c7116372544f8312c334f5d714e) Importer(815301076,1909f56bfc062723c751e8b465ee728b)  -> (artifact id: 'f90a594f06bad135931654ec9362a4de') in 0.021840 seconds
  Import took 0.023468 seconds .

========================================================================
Received Import Request.
  Time since last request: 0.091562 seconds.
  path: Assets/assets/elma/Icons/Flashlight_B.png
  artifactKey: Guid(65ed75ded729eb54d989ffcbd9cec3d8) Importer(815301076,1909f56bfc062723c751e8b465ee728b)
Start importing Assets/assets/elma/Icons/Flashlight_B.png using Guid(65ed75ded729eb54d989ffcbd9cec3d8) Importer(815301076,1909f56bfc062723c751e8b465ee728b)  -> (artifact id: 'f4752abff87b36836684e055c9752e02') in 0.010054 seconds
  Import took 0.011862 seconds .

========================================================================
Received Import Request.
  Time since last request: 0.000144 seconds.
  path: Assets/assets/elma/Flashlight/Textures/Flashlight_diffuse.png
  artifactKey: Guid(85f8f6c467f5d0b40b1aab0cd6bbd4d9) Importer(815301076,1909f56bfc062723c751e8b465ee728b)
Start importing Assets/assets/elma/Flashlight/Textures/Flashlight_diffuse.png using Guid(85f8f6c467f5d0b40b1aab0cd6bbd4d9) Importer(815301076,1909f56bfc062723c751e8b465ee728b)  -> (artifact id: 'fde622dcb7941ec59f34e0735945df6a') in 0.022480 seconds
  Import took 0.024490 seconds .

========================================================================
Received Import Request.
  Time since last request: 0.621089 seconds.
  path: Assets/assets/elma/Flashlight/Textures/Flashlight_normal.png
  artifactKey: Guid(dc49d27bac4af8440b6bab18ffdd4075) Importer(815301076,1909f56bfc062723c751e8b465ee728b)
Start importing Assets/assets/elma/Flashlight/Textures/Flashlight_normal.png using Guid(dc49d27bac4af8440b6bab18ffdd4075) Importer(815301076,1909f56bfc062723c751e8b465ee728b)  -> (artifact id: '07ef16a65e24301bee36a2d4c82689b2') in 0.021659 seconds
  Import took 0.023644 seconds .

========================================================================
Received Import Request.
  Time since last request: 0.000262 seconds.
  path: Assets/assets/elma/Flashlight/Textures/Flashlight_specular.tga
  artifactKey: Guid(a6ef6ddb0f685034fb0ab47586b359cb) Importer(815301076,1909f56bfc062723c751e8b465ee728b)
Start importing Assets/assets/elma/Flashlight/Textures/Flashlight_specular.tga using Guid(a6ef6ddb0f685034fb0ab47586b359cb) Importer(815301076,1909f56bfc062723c751e8b465ee728b)  -> (artifact id: 'a739d05acbad52bb3cb40f96f4afb789') in 0.025184 seconds
  Import took 0.026843 seconds .

========================================================================
Received Import Request.
  Time since last request: 0.101190 seconds.
  path: Assets/assets/elma/Demo Scene/Floor.jpg
  artifactKey: Guid(26a389b754c799149a5f39df0c850616) Importer(815301076,1909f56bfc062723c751e8b465ee728b)
Start importing Assets/assets/elma/Demo Scene/Floor.jpg using Guid(26a389b754c799149a5f39df0c850616) Importer(815301076,1909f56bfc062723c751e8b465ee728b)  -> (artifact id: '901a1947c56502f193d5a79760dcca2a') in 0.022644 seconds
  Import took 0.024690 seconds .

========================================================================
Received Import Request.
  Time since last request: 0.000207 seconds.
  path: Assets/assets/elma/Icons/Knife_A.png
  artifactKey: Guid(6247abc57157a8a4ca167dc4f79d30b7) Importer(815301076,1909f56bfc062723c751e8b465ee728b)
Start importing Assets/assets/elma/Icons/Knife_A.png using Guid(6247abc57157a8a4ca167dc4f79d30b7) Importer(815301076,1909f56bfc062723c751e8b465ee728b)  -> (artifact id: 'ba6521fdc6fbfbd6fe920f8f1fced236') in 0.012236 seconds
  Import took 0.013888 seconds .

========================================================================
Received Import Request.
  Time since last request: 0.282154 seconds.
  path: Assets/assets/elma/Knife/Textures/Knife_ao.png
  artifactKey: Guid(a83fe19ef5e3bfc409030ecc3115e060) Importer(815301076,1909f56bfc062723c751e8b465ee728b)
Start importing Assets/assets/elma/Knife/Textures/Knife_ao.png using Guid(a83fe19ef5e3bfc409030ecc3115e060) Importer(815301076,1909f56bfc062723c751e8b465ee728b)  -> (artifact id: 'b0f5fa9ce27d93417ab2b0e757891a96') in 0.020026 seconds
  Import took 0.021914 seconds .

========================================================================
Received Import Request.
  Time since last request: 0.000316 seconds.
  path: Assets/assets/elma/Icons/Knife_B.png
  artifactKey: Guid(acc8126f77ea3fb44a95f7cb68e94a0f) Importer(815301076,1909f56bfc062723c751e8b465ee728b)
Start importing Assets/assets/elma/Icons/Knife_B.png using Guid(acc8126f77ea3fb44a95f7cb68e94a0f) Importer(815301076,1909f56bfc062723c751e8b465ee728b)  -> (artifact id: '38ce67dfd70efbfd32e17d99c757f9cc') in 0.011404 seconds
  Import took 0.013440 seconds .

========================================================================
Received Import Request.
  Time since last request: 0.558060 seconds.
  path: Assets/assets/elma/Knife/Textures/Knife_diffuse.png
  artifactKey: Guid(8b528acc97893dd42b128ceeb939e7ee) Importer(815301076,1909f56bfc062723c751e8b465ee728b)
Start importing Assets/assets/elma/Knife/Textures/Knife_diffuse.png using Guid(8b528acc97893dd42b128ceeb939e7ee) Importer(815301076,1909f56bfc062723c751e8b465ee728b)  -> (artifact id: '9ef6960a6d64ae760aaa72a843ea7f6a') in 0.021474 seconds
  Import took 0.023448 seconds .

========================================================================
Received Import Request.
  Time since last request: 0.000302 seconds.
  path: Assets/assets/elma/Knife/Textures/Knife_normal.png
  artifactKey: Guid(87dcef20397d06c4d8fb6fd4f0c9e528) Importer(815301076,1909f56bfc062723c751e8b465ee728b)
Start importing Assets/assets/elma/Knife/Textures/Knife_normal.png using Guid(87dcef20397d06c4d8fb6fd4f0c9e528) Importer(815301076,1909f56bfc062723c751e8b465ee728b)  -> (artifact id: 'f2bf752c41e0b42327170c155074e37b') in 0.022724 seconds
  Import took 0.024351 seconds .

========================================================================
Received Import Request.
  Time since last request: 0.419187 seconds.
  path: Assets/assets/elma/Knife/Textures/Knife_specular.tga
  artifactKey: Guid(30e70a0b34ad0c740b48c7ffafd300ac) Importer(815301076,1909f56bfc062723c751e8b465ee728b)
Start importing Assets/assets/elma/Knife/Textures/Knife_specular.tga using Guid(30e70a0b34ad0c740b48c7ffafd300ac) Importer(815301076,1909f56bfc062723c751e8b465ee728b)  -> (artifact id: 'bb3f3d122bfb197a1f4da6debf5f1364') in 0.013365 seconds
  Import took 0.015194 seconds .

========================================================================
Received Import Request.
  Time since last request: 0.000271 seconds.
  path: Assets/assets/elma/Icons/Lighter_A.png
  artifactKey: Guid(34e643c724e3ffa47a444ad5b2dbe176) Importer(815301076,1909f56bfc062723c751e8b465ee728b)
Start importing Assets/assets/elma/Icons/Lighter_A.png using Guid(34e643c724e3ffa47a444ad5b2dbe176) Importer(815301076,1909f56bfc062723c751e8b465ee728b)  -> (artifact id: '1193237300a97aaa6fba75eac1f93633') in 0.012174 seconds
  Import took 0.013806 seconds .

========================================================================
Received Import Request.
  Time since last request: 0.685244 seconds.
  path: Assets/assets/elma/Lighter/Textures/Lighter_ao.png
  artifactKey: Guid(6c2065b93e71040499ad840cf1527e72) Importer(815301076,1909f56bfc062723c751e8b465ee728b)
Start importing Assets/assets/elma/Lighter/Textures/Lighter_ao.png using Guid(6c2065b93e71040499ad840cf1527e72) Importer(815301076,1909f56bfc062723c751e8b465ee728b)  -> (artifact id: 'd554c8e8bf8fe8f3880b747c165435af') in 0.012556 seconds
  Import took 0.014462 seconds .

========================================================================
Received Import Request.
  Time since last request: 0.000299 seconds.
  path: Assets/assets/elma/Icons/Lighter_B.png
  artifactKey: Guid(268fecb43630e1c47a41243d46a0f601) Importer(815301076,1909f56bfc062723c751e8b465ee728b)
Start importing Assets/assets/elma/Icons/Lighter_B.png using Guid(268fecb43630e1c47a41243d46a0f601) Importer(815301076,1909f56bfc062723c751e8b465ee728b)  -> (artifact id: 'c1d1306459c059c9e24c2b59c36999f7') in 0.013247 seconds
  Import took 0.015013 seconds .

========================================================================
Received Import Request.
  Time since last request: 0.048554 seconds.
  path: Assets/assets/elma/Lighter/Textures/Lighter_diffuse.png
  artifactKey: Guid(83005fc698b9a0d4c889eacafaf1cc98) Importer(815301076,1909f56bfc062723c751e8b465ee728b)
Start importing Assets/assets/elma/Lighter/Textures/Lighter_diffuse.png using Guid(83005fc698b9a0d4c889eacafaf1cc98) Importer(815301076,1909f56bfc062723c751e8b465ee728b)  -> (artifact id: '847f1259b16dae8952c535902304aa07') in 0.012421 seconds
  Import took 0.014455 seconds .

========================================================================
Received Import Request.
  Time since last request: 0.000217 seconds.
  path: Assets/assets/elma/Lighter/Textures/Lighter_normal.png
  artifactKey: Guid(a5594e6ae7caf6441a037be38035b43e) Importer(815301076,1909f56bfc062723c751e8b465ee728b)
Start importing Assets/assets/elma/Lighter/Textures/Lighter_normal.png using Guid(a5594e6ae7caf6441a037be38035b43e) Importer(815301076,1909f56bfc062723c751e8b465ee728b)  -> (artifact id: '3f7b09b8d1963b1e6b9a8abd639aa616') in 0.012942 seconds
  Import took 0.014483 seconds .

========================================================================
Received Import Request.
  Time since last request: 0.728053 seconds.
  path: Assets/assets/elma/Lighter/Textures/Lighter_specular.tga
  artifactKey: Guid(097a5641bc2fdae4bb90b67830aec6e4) Importer(815301076,1909f56bfc062723c751e8b465ee728b)
Start importing Assets/assets/elma/Lighter/Textures/Lighter_specular.tga using Guid(097a5641bc2fdae4bb90b67830aec6e4) Importer(815301076,1909f56bfc062723c751e8b465ee728b)  -> (artifact id: 'd3f19899adf2902ff2152ded2f2c8497') in 0.013287 seconds
  Import took 0.015133 seconds .

========================================================================
Received Import Request.
  Time since last request: 0.000291 seconds.
  path: Assets/assets/elma/Icons/Molde_B.png
  artifactKey: Guid(b23a09987f2ef6146b992aa53f768ec4) Importer(815301076,1909f56bfc062723c751e8b465ee728b)
Start importing Assets/assets/elma/Icons/Molde_B.png using Guid(b23a09987f2ef6146b992aa53f768ec4) Importer(815301076,1909f56bfc062723c751e8b465ee728b)  -> (artifact id: '09e2d95d9701e07f82d21e14f515a2ae') in 0.013134 seconds
  Import took 0.014715 seconds .

========================================================================
Received Import Request.
  Time since last request: 0.044480 seconds.
  path: Assets/assets/elma/Icons/Molde_C.png
  artifactKey: Guid(854a48e6a8378eb4e912408aeac803aa) Importer(815301076,1909f56bfc062723c751e8b465ee728b)
Start importing Assets/assets/elma/Icons/Molde_C.png using Guid(854a48e6a8378eb4e912408aeac803aa) Importer(815301076,1909f56bfc062723c751e8b465ee728b)  -> (artifact id: 'f4bc664bb8925351f2ac3d87d85c1d5c') in 0.010311 seconds
  Import took 0.012278 seconds .

========================================================================
Received Import Request.
  Time since last request: 0.000211 seconds.
  path: Assets/assets/cim/QS-Textures-Grass-v1/Textures/QS-GRASS-1.1.png
  artifactKey: Guid(13fd3dd52bf157845864087bf321dbff) Importer(815301076,1909f56bfc062723c751e8b465ee728b)
Start importing Assets/assets/cim/QS-Textures-Grass-v1/Textures/QS-GRASS-1.1.png using Guid(13fd3dd52bf157845864087bf321dbff) Importer(815301076,1909f56bfc062723c751e8b465ee728b)  -> (artifact id: '8e43cd8ebe9a23ed0178cdfb9dc41683') in 0.015279 seconds
  Import took 0.017343 seconds .

========================================================================
Received Import Request.
  Time since last request: 0.370334 seconds.
  path: Assets/assets/cim/QS-Textures-Grass-v1/Textures/QS-GRASS-2.1.png
  artifactKey: Guid(9258a574148383549ac8f525404331bb) Importer(815301076,1909f56bfc062723c751e8b465ee728b)
Start importing Assets/assets/cim/QS-Textures-Grass-v1/Textures/QS-GRASS-2.1.png using Guid(9258a574148383549ac8f525404331bb) Importer(815301076,1909f56bfc062723c751e8b465ee728b)  -> (artifact id: '5f4224b6d0b21e9a31668c41e2a62060') in 0.015797 seconds
  Import took 0.019324 seconds .

========================================================================
Received Import Request.
  Time since last request: 0.000294 seconds.
  path: Assets/assets/cim/QS-Textures-Grass-v1/Textures/QS-GRASS-3.1.png
  artifactKey: Guid(d328323ac18b12b4eacc6998b100dace) Importer(815301076,1909f56bfc062723c751e8b465ee728b)
Start importing Assets/assets/cim/QS-Textures-Grass-v1/Textures/QS-GRASS-3.1.png using Guid(d328323ac18b12b4eacc6998b100dace) Importer(815301076,1909f56bfc062723c751e8b465ee728b)  -> (artifact id: '8f076fe82f4ae2f392c93c01bfc0dc25') in 0.018680 seconds
  Import took 0.020577 seconds .

========================================================================
Received Import Request.
  Time since last request: 0.381345 seconds.
  path: Assets/assets/cim/QS-Textures-Grass-v1/Textures/QS-GRASS-4.1.png
  artifactKey: Guid(487e8c740f10d6e42a9134485b82d150) Importer(815301076,1909f56bfc062723c751e8b465ee728b)
Start importing Assets/assets/cim/QS-Textures-Grass-v1/Textures/QS-GRASS-4.1.png using Guid(487e8c740f10d6e42a9134485b82d150) Importer(815301076,1909f56bfc062723c751e8b465ee728b)  -> (artifact id: '96184e774114272413dfb5cd0cc14abd') in 0.013507 seconds
  Import took 0.015283 seconds .

========================================================================
Received Import Request.
  Time since last request: 0.000298 seconds.
  path: Assets/assets/cim/QS-Textures-Grass-v1/Textures/QS-GRASS-5.1.png
  artifactKey: Guid(3f74625973561224b8d54f04f8549029) Importer(815301076,1909f56bfc062723c751e8b465ee728b)
Start importing Assets/assets/cim/QS-Textures-Grass-v1/Textures/QS-GRASS-5.1.png using Guid(3f74625973561224b8d54f04f8549029) Importer(815301076,1909f56bfc062723c751e8b465ee728b)  -> (artifact id: 'b15cde0322667dfc1a79c25fe2da4a8e') in 0.014501 seconds
  Import took 0.015934 seconds .

========================================================================
Received Import Request.
  Time since last request: 8.988817 seconds.
  path: Assets/assets/cim/QS-Textures-Grass-v1/Textures/QS-GRASS-6.1.png
  artifactKey: Guid(e976a3fb05af8ff49852a29592031e49) Importer(815301076,1909f56bfc062723c751e8b465ee728b)
Start importing Assets/assets/cim/QS-Textures-Grass-v1/Textures/QS-GRASS-6.1.png using Guid(e976a3fb05af8ff49852a29592031e49) Importer(815301076,1909f56bfc062723c751e8b465ee728b)  -> (artifact id: '204c5e7ffd8cac8c4b431b910270d419') in 0.014639 seconds
  Import took 0.016793 seconds .

========================================================================
Received Import Request.
  Time since last request: 0.000309 seconds.
  path: Assets/assets/cim/QS-Textures-Grass-v1/Textures/QS-GRASS-7.1.png
  artifactKey: Guid(30915eb6d6267ed49bfb794a0e622444) Importer(815301076,1909f56bfc062723c751e8b465ee728b)
Start importing Assets/assets/cim/QS-Textures-Grass-v1/Textures/QS-GRASS-7.1.png using Guid(30915eb6d6267ed49bfb794a0e622444) Importer(815301076,1909f56bfc062723c751e8b465ee728b)  -> (artifact id: '45d4a3ae17d42e81d5e31dd325eac8ca') in 0.015914 seconds
  Import took 0.017582 seconds .

========================================================================
Received Import Request.
  Time since last request: 0.222787 seconds.
  path: Assets/assets/cim/QS-Textures-Grass-v1/Textures/QS-GRASS-8.1.png
  artifactKey: Guid(84da742bd36439745a3e5bda7e7f1387) Importer(815301076,1909f56bfc062723c751e8b465ee728b)
Start importing Assets/assets/cim/QS-Textures-Grass-v1/Textures/QS-GRASS-8.1.png using Guid(84da742bd36439745a3e5bda7e7f1387) Importer(815301076,1909f56bfc062723c751e8b465ee728b)  -> (artifact id: '610c156f13cb9686781b726c5635e385') in 0.013864 seconds
  Import took 0.015518 seconds .

========================================================================
Received Import Request.
  Time since last request: 0.000295 seconds.
  path: Assets/assets/cim/QS-Textures-Grass-v1/Textures/QS-GRASS-9.png
  artifactKey: Guid(8d55ff15069da024c8d559c9b71e71b9) Importer(815301076,1909f56bfc062723c751e8b465ee728b)
Start importing Assets/assets/cim/QS-Textures-Grass-v1/Textures/QS-GRASS-9.png using Guid(8d55ff15069da024c8d559c9b71e71b9) Importer(815301076,1909f56bfc062723c751e8b465ee728b)  -> (artifact id: 'f8440142aa441c4c2f2405d0fe03f45c') in 0.015610 seconds
  Import took 0.017406 seconds .

========================================================================
Received Import Request.
  Time since last request: 10.024006 seconds.
  path: Assets/assets/cim/QS-Textures-Grass-v1/Textures/QS-GRASS-9.1.png
  artifactKey: Guid(b7db08026c22ca2448703b02a6c2ca42) Importer(815301076,1909f56bfc062723c751e8b465ee728b)
Start importing Assets/assets/cim/QS-Textures-Grass-v1/Textures/QS-GRASS-9.1.png using Guid(b7db08026c22ca2448703b02a6c2ca42) Importer(815301076,1909f56bfc062723c751e8b465ee728b)  -> (artifact id: '0d51220a3fad4e1373a876172df6a4d7') in 0.014100 seconds
  Import took 0.015802 seconds .

========================================================================
Received Import Request.
  Time since last request: 0.000297 seconds.
  path: Assets/assets/elma/Icons/Rope_A.png
  artifactKey: Guid(528eb67a1389e44419dc3952226655fb) Importer(815301076,1909f56bfc062723c751e8b465ee728b)
Start importing Assets/assets/elma/Icons/Rope_A.png using Guid(528eb67a1389e44419dc3952226655fb) Importer(815301076,1909f56bfc062723c751e8b465ee728b)  -> (artifact id: 'd12011a2cee7bf77cbbbc96168277595') in 0.013283 seconds
  Import took 0.014890 seconds .

========================================================================
Received Import Request.
  Time since last request: 0.342606 seconds.
  path: Assets/assets/elma/Rope/Textures/Rope_ao.png
  artifactKey: Guid(f586ac1f091309d4fb220228b3ed6c74) Importer(815301076,1909f56bfc062723c751e8b465ee728b)
Start importing Assets/assets/elma/Rope/Textures/Rope_ao.png using Guid(f586ac1f091309d4fb220228b3ed6c74) Importer(815301076,1909f56bfc062723c751e8b465ee728b)  -> (artifact id: '4202563b9b0f85ee287bc2024af50897') in 0.021063 seconds
  Import took 0.022898 seconds .

========================================================================
Received Import Request.
  Time since last request: 0.000285 seconds.
  path: Assets/assets/elma/Icons/Rope_B.png
  artifactKey: Guid(cf0b09c8bba516b479cba7a065b2efbc) Importer(815301076,1909f56bfc062723c751e8b465ee728b)
Start importing Assets/assets/elma/Icons/Rope_B.png using Guid(cf0b09c8bba516b479cba7a065b2efbc) Importer(815301076,1909f56bfc062723c751e8b465ee728b)  -> (artifact id: '7c297a5d6f9a743dd7da19311721f5a9') in 0.019245 seconds
  Import took 0.021297 seconds .

========================================================================
Received Import Request.
  Time since last request: 3.632480 seconds.
  path: Assets/assets/elma/Rope/Textures/Rope_diffuse.png
  artifactKey: Guid(168f580001e1f5a46b7a6481e16d3b88) Importer(815301076,1909f56bfc062723c751e8b465ee728b)
Start importing Assets/assets/elma/Rope/Textures/Rope_diffuse.png using Guid(168f580001e1f5a46b7a6481e16d3b88) Importer(815301076,1909f56bfc062723c751e8b465ee728b)  -> (artifact id: '825c5fd52526652656633c5802290399') in 0.022088 seconds
  Import took 0.023867 seconds .

========================================================================
Received Import Request.
  Time since last request: 0.000297 seconds.
  path: Assets/assets/elma/Rope/Textures/Rope_normal.png
  artifactKey: Guid(9677e42797219d84a8a566a5425a2546) Importer(815301076,1909f56bfc062723c751e8b465ee728b)
Start importing Assets/assets/elma/Rope/Textures/Rope_normal.png using Guid(9677e42797219d84a8a566a5425a2546) Importer(815301076,1909f56bfc062723c751e8b465ee728b)  -> (artifact id: '45e0861cd541bc290d26d2d5f876bf27') in 0.024047 seconds
  Import took 0.025791 seconds .

========================================================================
Received Import Request.
  Time since last request: 0.332475 seconds.
  path: Assets/assets/elma/Rope/Textures/Rope_specular.tga
  artifactKey: Guid(553595e8e9d011b41996adb1e3507816) Importer(815301076,1909f56bfc062723c751e8b465ee728b)
Start importing Assets/assets/elma/Rope/Textures/Rope_specular.tga using Guid(553595e8e9d011b41996adb1e3507816) Importer(815301076,1909f56bfc062723c751e8b465ee728b)  -> (artifact id: '21d9d96b0b6f388713851857de5d6ba5') in 0.030059 seconds
  Import took 0.032361 seconds .

========================================================================
Received Import Request.
  Time since last request: 0.427192 seconds.
  path: Assets/assets/elma/Icons/Signal_Rocket_A.png
  artifactKey: Guid(fc3688d9f6796b4488836935fc29eef9) Importer(815301076,1909f56bfc062723c751e8b465ee728b)
Start importing Assets/assets/elma/Icons/Signal_Rocket_A.png using Guid(fc3688d9f6796b4488836935fc29eef9) Importer(815301076,1909f56bfc062723c751e8b465ee728b)  -> (artifact id: '71907133df10c4582d211706c82b38c5') in 0.018367 seconds
  Import took 0.020239 seconds .

========================================================================
Received Import Request.
  Time since last request: 0.000315 seconds.
  path: Assets/assets/elma/Signal_Rocket/Textures/Signal_Rocket_ao.png
  artifactKey: Guid(a0aee4d803cc4c945a4ab90306cc8063) Importer(815301076,1909f56bfc062723c751e8b465ee728b)
Start importing Assets/assets/elma/Signal_Rocket/Textures/Signal_Rocket_ao.png using Guid(a0aee4d803cc4c945a4ab90306cc8063) Importer(815301076,1909f56bfc062723c751e8b465ee728b)  -> (artifact id: '2ee4f05e88e92d01ebae4b1ad6149920') in 0.024126 seconds
  Import took 0.025663 seconds .

========================================================================
Received Import Request.
  Time since last request: 0.034867 seconds.
  path: Assets/assets/elma/Icons/Signal_Rocket_B.png
  artifactKey: Guid(08ba46daccafa59438a5dbad8a5967b1) Importer(815301076,1909f56bfc062723c751e8b465ee728b)
Start importing Assets/assets/elma/Icons/Signal_Rocket_B.png using Guid(08ba46daccafa59438a5dbad8a5967b1) Importer(815301076,1909f56bfc062723c751e8b465ee728b)  -> (artifact id: '438e502136ebc111a708576c73d80d27') in 0.013000 seconds
  Import took 0.014913 seconds .

========================================================================
Received Import Request.
  Time since last request: 0.000286 seconds.
  path: Assets/assets/elma/Signal_Rocket/Textures/Signal_Rocket_diffuse.png
  artifactKey: Guid(55168c6b74634a245ae5b0b5388cbce0) Importer(815301076,1909f56bfc062723c751e8b465ee728b)
Start importing Assets/assets/elma/Signal_Rocket/Textures/Signal_Rocket_diffuse.png using Guid(55168c6b74634a245ae5b0b5388cbce0) Importer(815301076,1909f56bfc062723c751e8b465ee728b)  -> (artifact id: '7a3e9ee73e54d974eb815113afcbed6b') in 0.022233 seconds
  Import took 0.023705 seconds .

========================================================================
Received Import Request.
  Time since last request: 0.038012 seconds.
  path: Assets/assets/elma/Signal_Rocket/Textures/Signal_Rocket_normal.png
  artifactKey: Guid(2ab6f32c53c95944aaf8233b14a0fdc4) Importer(815301076,1909f56bfc062723c751e8b465ee728b)
Start importing Assets/assets/elma/Signal_Rocket/Textures/Signal_Rocket_normal.png using Guid(2ab6f32c53c95944aaf8233b14a0fdc4) Importer(815301076,1909f56bfc062723c751e8b465ee728b)  -> (artifact id: 'f2f7fb51c980714cf3bbed4f54d684b9') in 0.020064 seconds
  Import took 0.021826 seconds .

========================================================================
Received Import Request.
  Time since last request: 0.000306 seconds.
  path: Assets/assets/elma/Signal_Rocket/Textures/Signal_Rocket_specular.tga
  artifactKey: Guid(650cb1104aabce64ba3a7ba8cb615e8a) Importer(815301076,1909f56bfc062723c751e8b465ee728b)
Start importing Assets/assets/elma/Signal_Rocket/Textures/Signal_Rocket_specular.tga using Guid(650cb1104aabce64ba3a7ba8cb615e8a) Importer(815301076,1909f56bfc062723c751e8b465ee728b)  -> (artifact id: '6f2bf8d1668ae6da5f256af6c751b367') in 0.013934 seconds
  Import took 0.015846 seconds .

========================================================================
Received Import Request.
  Time since last request: 0.368297 seconds.
  path: Assets/assets/tas/Textures/Tree_2_new_4.png
  artifactKey: Guid(c9ac0d4c6e264034ebb24b79c7df6ed9) Importer(815301076,1909f56bfc062723c751e8b465ee728b)
Start importing Assets/assets/tas/Textures/Tree_2_new_4.png using Guid(c9ac0d4c6e264034ebb24b79c7df6ed9) Importer(815301076,1909f56bfc062723c751e8b465ee728b)  -> (artifact id: '7ed686098d492abd002ab678e41dcee2') in 0.022982 seconds
  Import took 0.024826 seconds .

========================================================================
Received Import Request.
  Time since last request: 0.032186 seconds.
  path: Assets/assets/tas/Textures/Tree_2_normals.png
  artifactKey: Guid(6552a0c056e5bc543ab3e98c53ff8a25) Importer(815301076,1909f56bfc062723c751e8b465ee728b)
Start importing Assets/assets/tas/Textures/Tree_2_normals.png using Guid(6552a0c056e5bc543ab3e98c53ff8a25) Importer(815301076,1909f56bfc062723c751e8b465ee728b)  -> (artifact id: 'e57aeff7decea76f2eb90048ba0d9029') in 0.019070 seconds
  Import took 0.020907 seconds .

========================================================================
Received Import Request.
  Time since last request: 0.000265 seconds.
  path: Assets/assets/agac/Textures/trees_spruce.png
  artifactKey: Guid(90901aa573c86ec4e9d3b6331d99c15f) Importer(815301076,1909f56bfc062723c751e8b465ee728b)
Start importing Assets/assets/agac/Textures/trees_spruce.png using Guid(90901aa573c86ec4e9d3b6331d99c15f) Importer(815301076,1909f56bfc062723c751e8b465ee728b)  -> (artifact id: 'c9dac252771fb27f22041b7b6e7d57c3') in 0.063758 seconds
  Import took 0.065287 seconds .

========================================================================
Received Import Request.
  Time since last request: 169.337591 seconds.
  path: Assets/assets/tas/Prefab
  artifactKey: Guid(d3f01bce432a5224bb7b05cf2fbb0575) Importer(815301076,1909f56bfc062723c751e8b465ee728b)
Start importing Assets/assets/tas/Prefab using Guid(d3f01bce432a5224bb7b05cf2fbb0575) Importer(815301076,1909f56bfc062723c751e8b465ee728b)  -> (artifact id: '9a3566349669b9ef2cf488153bb4d350') in 0.007308 seconds
  Import took 0.008945 seconds .

========================================================================
Received Import Request.
  Time since last request: 0.000635 seconds.
  path: Assets/assets/tas/Prefab
  artifactKey: Guid(d3f01bce432a5224bb7b05cf2fbb0575) Importer(815301076,1909f56bfc062723c751e8b465ee728b)
Start importing Assets/assets/tas/Prefab using Guid(d3f01bce432a5224bb7b05cf2fbb0575) Importer(815301076,1909f56bfc062723c751e8b465ee728b)  -> (artifact id: '9a3566349669b9ef2cf488153bb4d350') in 0.002348 seconds
  Import took 0.004071 seconds .

========================================================================
Received Import Request.
  Time since last request: 0.044300 seconds.
  path: Assets/assets/tas/Prefab/Briks_302.prefab
  artifactKey: Guid(23277ae3edb0d7d41b94cc383e349e95) Importer(815301076,1909f56bfc062723c751e8b465ee728b)
Start importing Assets/assets/tas/Prefab/Briks_302.prefab using Guid(23277ae3edb0d7d41b94cc383e349e95) Importer(815301076,1909f56bfc062723c751e8b465ee728b)  -> (artifact id: '70fb9a95257110e53e18c64d4a7459db') in 0.273257 seconds
  Import took 0.275142 seconds .

========================================================================
Received Import Request.
  Time since last request: 0.000203 seconds.
  path: Assets/assets/tas/Prefab/Tree_2_new_4.prefab
  artifactKey: Guid(2f2475e695505194996d6f3e2bce58b5) Importer(815301076,1909f56bfc062723c751e8b465ee728b)
Start importing Assets/assets/tas/Prefab/Tree_2_new_4.prefab using Guid(2f2475e695505194996d6f3e2bce58b5) Importer(815301076,1909f56bfc062723c751e8b465ee728b)  -> (artifact id: '468836003393c040baff2af09efea4f0') in 0.197925 seconds
  Import took 0.199702 seconds .

========================================================================
Received Import Request.
  Time since last request: 355.860374 seconds.
  path: Assets/assets/agac/Materials
  artifactKey: Guid(6e77f285e7298314c820ce54408f313d) Importer(815301076,1909f56bfc062723c751e8b465ee728b)
Start importing Assets/assets/agac/Materials using Guid(6e77f285e7298314c820ce54408f313d) Importer(815301076,1909f56bfc062723c751e8b465ee728b)  -> (artifact id: 'c3245cf371c7461b14ba1ab215fbd3fe') in 0.005936 seconds
  Import took 0.008282 seconds .

========================================================================
Received Import Request.
  Time since last request: 0.000727 seconds.
  path: Assets/assets/agac/Materials
  artifactKey: Guid(6e77f285e7298314c820ce54408f313d) Importer(815301076,1909f56bfc062723c751e8b465ee728b)
Start importing Assets/assets/agac/Materials using Guid(6e77f285e7298314c820ce54408f313d) Importer(815301076,1909f56bfc062723c751e8b465ee728b)  -> (artifact id: 'c3245cf371c7461b14ba1ab215fbd3fe') in 0.002296 seconds
  Import took 0.004384 seconds .

========================================================================
Received Import Request.
  Time since last request: 0.106574 seconds.
  path: Assets/assets/agac/Materials/spruce_M.mat
  artifactKey: Guid(53557fab08c9bcc46bbf36a95bfba3de) Importer(815301076,1909f56bfc062723c751e8b465ee728b)
Start importing Assets/assets/agac/Materials/spruce_M.mat using Guid(53557fab08c9bcc46bbf36a95bfba3de) Importer(815301076,1909f56bfc062723c751e8b465ee728b)  -> (artifact id: '13c4eb18d75386ca5b86716ac02641fd') in 0.154239 seconds
  Import took 0.156196 seconds .

========================================================================
Received Import Request.
  Time since last request: 3.542451 seconds.
  path: Assets/assets/agac/Prefabs
  artifactKey: Guid(817c6dc0ef597644d95d12e6d2aabd3b) Importer(815301076,1909f56bfc062723c751e8b465ee728b)
Start importing Assets/assets/agac/Prefabs using Guid(817c6dc0ef597644d95d12e6d2aabd3b) Importer(815301076,1909f56bfc062723c751e8b465ee728b)  -> (artifact id: '1d9ab04ed805ebde6e14e6ee07c050e8') in 0.005340 seconds
  Import took 0.007328 seconds .

========================================================================
Received Import Request.
  Time since last request: 0.097615 seconds.
  path: Assets/assets/agac/Prefabs/spruce1.prefab
  artifactKey: Guid(62109cb65e4cd6942a52e4c360a89f50) Importer(815301076,1909f56bfc062723c751e8b465ee728b)
Start importing Assets/assets/agac/Prefabs/spruce1.prefab using Guid(62109cb65e4cd6942a52e4c360a89f50) Importer(815301076,1909f56bfc062723c751e8b465ee728b)  -> (artifact id: 'a08561c79fd79e702e4ca48ec44d84e9') in 0.064423 seconds
  Import took 0.066066 seconds .

========================================================================
Received Import Request.
  Time since last request: 0.000302 seconds.
  path: Assets/assets/agac/Prefabs/spruce2.prefab
  artifactKey: Guid(25b8c5dd0aa48414290ef3451c255ec9) Importer(815301076,1909f56bfc062723c751e8b465ee728b)
Start importing Assets/assets/agac/Prefabs/spruce2.prefab using Guid(25b8c5dd0aa48414290ef3451c255ec9) Importer(815301076,1909f56bfc062723c751e8b465ee728b)  -> (artifact id: '9f8b0bef5939660e4e3ff7c495c71b6d') in 0.059798 seconds
  Import took 0.061323 seconds .

========================================================================
Received Prepare
Registering precompiled user dll's ...
Registered in 0.000654 seconds.
Begin MonoManager ReloadAssembly
Native extension for WindowsStandalone target not found
Refreshing native plugins compatible for Editor in 0.19 ms, found 0 plugins.
Preloading 0 native plugins for Editor in 0.00 ms.
Invoked RoslynAnalysisRunner static constructor.
RoslynAnalysisRunner will not be running.
RoslynAnalysisRunner has terminated.
Mono: successfully reloaded assembly
- Completed reload, in  0.720 seconds
Platform modules already initialized, skipping
Switching build target platform(5) subTarget(0) extendedPlatform(0) -> platform(13) subTarget(537395200) extendedPlatform(0)
Refreshing native plugins compatible for Editor in 0.20 ms, found 0 plugins.
Preloading 0 native plugins for Editor in 0.00 ms.
Unloading 1161 Unused Serialized files (Serialized files now loaded: 0)
System memory in use before: 65.1 MB.
System memory in use after: 64.5 MB.

Unloading 18 unused Assets to reduce memory usage. Loaded Objects now: 1648.
Total: 1.791500 ms (FindLiveObjects: 0.129100 ms CreateObjectMapping: 0.029200 ms MarkObjects: 1.365000 ms  DeleteObjects: 0.267200 ms)

AssetImportParameters requested are different than current active one (requested -> active):
  custom:graphics/normal-map-encoding: 01000000000000000000000000000000 -> 02000000000000000000000000000000
========================================================================
Received Import Request.
  Time since last request: 817.204572 seconds.
  path: Assets/TextMesh Pro/Resources/Fonts & Materials/LiberationSans SDF - Drop Shadow.mat
  artifactKey: Guid(e73a58f6e2794ae7b1b7e50b7fb811b0) Importer(815301076,1909f56bfc062723c751e8b465ee728b)
Start importing Assets/TextMesh Pro/Resources/Fonts & Materials/LiberationSans SDF - Drop Shadow.mat using Guid(e73a58f6e2794ae7b1b7e50b7fb811b0) Importer(815301076,1909f56bfc062723c751e8b465ee728b)  -> (artifact id: '6a9c7f37f83fac0a58090092a4f94bcf') in 0.135625 seconds
  Import took 0.137549 seconds .

========================================================================
Received Import Request.
  Time since last request: 0.000277 seconds.
  path: Assets/TextMesh Pro/Resources/Fonts & Materials/LiberationSans SDF - Outline.mat
  artifactKey: Guid(79459efec17a4d00a321bdcc27bbc385) Importer(815301076,1909f56bfc062723c751e8b465ee728b)
Start importing Assets/TextMesh Pro/Resources/Fonts & Materials/LiberationSans SDF - Outline.mat using Guid(79459efec17a4d00a321bdcc27bbc385) Importer(815301076,1909f56bfc062723c751e8b465ee728b)  -> (artifact id: '1b93a757774ee799b09f9d2db55b2135') in 0.065472 seconds
  Import took 0.067431 seconds .

========================================================================
Received Import Request.
  Time since last request: 0.000225 seconds.
  path: Assets/TextMesh Pro/Resources/Fonts & Materials/LiberationSans SDF - Fallback.asset
  artifactKey: Guid(2e498d1c8094910479dc3e1b768306a4) Importer(815301076,1909f56bfc062723c751e8b465ee728b)
Start importing Assets/TextMesh Pro/Resources/Fonts & Materials/LiberationSans SDF - Fallback.asset using Guid(2e498d1c8094910479dc3e1b768306a4) Importer(815301076,1909f56bfc062723c751e8b465ee728b)  -> (artifact id: '751ffc93af6ba0fc953a99801b3f9f77') in 0.080707 seconds
  Import took 0.082413 seconds .

========================================================================
Received Import Request.
  Time since last request: 0.000293 seconds.
  path: Assets/TextMesh Pro/Resources/Fonts & Materials/LiberationSans SDF.asset
  artifactKey: Guid(8f586378b4e144a9851e7b34d9b748ee) Importer(815301076,1909f56bfc062723c751e8b465ee728b)
Start importing Assets/TextMesh Pro/Resources/Fonts & Materials/LiberationSans SDF.asset using Guid(8f586378b4e144a9851e7b34d9b748ee) Importer(815301076,1909f56bfc062723c751e8b465ee728b)  -> (artifact id: '4516a4a0b551868c12f32b4fea893b0c') in 0.036732 seconds
  Import took 0.038598 seconds .

========================================================================
Received Import Request.
  Time since last request: 0.001690 seconds.
  path: Assets/TextMesh Pro/Resources/Fonts & Materials/LiberationSans SDF.asset
  artifactKey: Guid(8f586378b4e144a9851e7b34d9b748ee) Importer(815301076,1909f56bfc062723c751e8b465ee728b)
Start importing Assets/TextMesh Pro/Resources/Fonts & Materials/LiberationSans SDF.asset using Guid(8f586378b4e144a9851e7b34d9b748ee) Importer(815301076,1909f56bfc062723c751e8b465ee728b)  -> (artifact id: '4516a4a0b551868c12f32b4fea893b0c') in 0.034324 seconds
  Import took 0.036402 seconds .

========================================================================
Received Import Request.
  Time since last request: 882.862793 seconds.
  path: ProjectSettings/TagManager.asset
  artifactKey: Guid(00000000000000003000000000000000) Importer(815301076,1909f56bfc062723c751e8b465ee728b)
Start importing ProjectSettings/TagManager.asset using Guid(00000000000000003000000000000000) Importer(815301076,1909f56bfc062723c751e8b465ee728b)  -> (artifact id: '9274ce4079a5137dd04f6e6c4d809583') in 0.007659 seconds
  Import took 0.009645 seconds .

========================================================================
Received Import Request.
  Time since last request: 586.764675 seconds.
  path: Assets/prefab
  artifactKey: Guid(ee8f716585cc4d84181c2818c7f6e3bd) Importer(815301076,1909f56bfc062723c751e8b465ee728b)
Start importing Assets/prefab using Guid(ee8f716585cc4d84181c2818c7f6e3bd) Importer(815301076,1909f56bfc062723c751e8b465ee728b)  -> (artifact id: '038c71d5105d51a982fd6c76daaa40f0') in 0.006461 seconds
  Import took 0.008921 seconds .

========================================================================
Received Import Request.
  Time since last request: 7.157712 seconds.
  path: Assets/prefab/bas (1).prefab
  artifactKey: Guid(4b62a576f96430c4289ebf983e383d25) Importer(815301076,1909f56bfc062723c751e8b465ee728b)
Start importing Assets/prefab/bas (1).prefab using Guid(4b62a576f96430c4289ebf983e383d25) Importer(815301076,1909f56bfc062723c751e8b465ee728b)  -> (artifact id: 'b937eb6982b4a4c8d10c3cf360cc260e') in 0.149963 seconds
  Import took 0.151573 seconds .

========================================================================
Received Import Request.
  Time since last request: 10.329000 seconds.
  path: Assets/prefab/kuyruk.prefab
  artifactKey: Guid(4b62a576f96430c4289ebf983e383d25) Importer(815301076,1909f56bfc062723c751e8b465ee728b)
Start importing Assets/prefab/kuyruk.prefab using Guid(4b62a576f96430c4289ebf983e383d25) Importer(815301076,1909f56bfc062723c751e8b465ee728b)  -> (artifact id: 'd6ee2488fc63d9aafbe351fb84f82c87') in 0.012689 seconds
  Import took 0.014821 seconds .

========================================================================
Received Import Request.
  Time since last request: 0.012434 seconds.
  path: Assets/prefab/kuyruk.prefab
  artifactKey: Guid(4b62a576f96430c4289ebf983e383d25) Importer(815301076,1909f56bfc062723c751e8b465ee728b)
Start importing Assets/prefab/kuyruk.prefab using Guid(4b62a576f96430c4289ebf983e383d25) Importer(815301076,1909f56bfc062723c751e8b465ee728b)  -> (artifact id: 'd6ee2488fc63d9aafbe351fb84f82c87') in 0.008204 seconds
  Import took 0.010555 seconds .

========================================================================
Received Prepare
Registering precompiled user dll's ...
Registered in 0.000450 seconds.
Begin MonoManager ReloadAssembly
Native extension for WindowsStandalone target not found
Refreshing native plugins compatible for Editor in 0.20 ms, found 0 plugins.
Preloading 0 native plugins for Editor in 0.00 ms.
Invoked RoslynAnalysisRunner static constructor.
RoslynAnalysisRunner will not be running.
RoslynAnalysisRunner has terminated.
Mono: successfully reloaded assembly
- Completed reload, in  0.707 seconds
Platform modules already initialized, skipping
Switching build target platform(5) subTarget(0) extendedPlatform(0) -> platform(13) subTarget(537395200) extendedPlatform(0)
Refreshing native plugins compatible for Editor in 0.24 ms, found 0 plugins.
Preloading 0 native plugins for Editor in 0.00 ms.
Unloading 1162 Unused Serialized files (Serialized files now loaded: 0)
System memory in use before: 65.3 MB.
System memory in use after: 64.7 MB.

Unloading 19 unused Assets to reduce memory usage. Loaded Objects now: 1658.
Total: 3.927200 ms (FindLiveObjects: 0.288600 ms CreateObjectMapping: 0.092800 ms MarkObjects: 2.952200 ms  DeleteObjects: 0.591200 ms)

AssetImportParameters requested are different than current active one (requested -> active):
  custom:graphics/normal-map-encoding: 01000000000000000000000000000000 -> 02000000000000000000000000000000
========================================================================
Received Prepare
Registering precompiled user dll's ...
Registered in 0.000524 seconds.
Begin MonoManager ReloadAssembly
Native extension for WindowsStandalone target not found
Refreshing native plugins compatible for Editor in 0.20 ms, found 0 plugins.
Preloading 0 native plugins for Editor in 0.00 ms.
Invoked RoslynAnalysisRunner static constructor.
RoslynAnalysisRunner will not be running.
RoslynAnalysisRunner has terminated.
Mono: successfully reloaded assembly
- Completed reload, in  0.704 seconds
Platform modules already initialized, skipping
Switching build target platform(5) subTarget(0) extendedPlatform(0) -> platform(13) subTarget(537395200) extendedPlatform(0)
Refreshing native plugins compatible for Editor in 0.30 ms, found 0 plugins.
Preloading 0 native plugins for Editor in 0.00 ms.
Unloading 1161 Unused Serialized files (Serialized files now loaded: 0)
System memory in use before: 65.2 MB.
System memory in use after: 64.6 MB.

Unloading 17 unused Assets to reduce memory usage. Loaded Objects now: 1661.
Total: 3.443100 ms (FindLiveObjects: 0.286900 ms CreateObjectMapping: 0.101400 ms MarkObjects: 2.798100 ms  DeleteObjects: 0.255200 ms)

AssetImportParameters requested are different than current active one (requested -> active):
  custom:graphics/normal-map-encoding: 01000000000000000000000000000000 -> 02000000000000000000000000000000
========================================================================
Received Import Request.
  Time since last request: 59.483606 seconds.
  path: Assets/script/hareket.cs
  artifactKey: Guid(54443766c41152f40b9adae19ef371ad) Importer(815301076,1909f56bfc062723c751e8b465ee728b)
Start importing Assets/script/hareket.cs using Guid(54443766c41152f40b9adae19ef371ad) Importer(815301076,1909f56bfc062723c751e8b465ee728b)  -> (artifact id: '174007e20cc3d6b902329098aed7b4e7') in 0.009744 seconds
  Import took 0.011607 seconds .

========================================================================
Received Prepare
Registering precompiled user dll's ...
Registered in 0.000699 seconds.
Begin MonoManager ReloadAssembly
Native extension for WindowsStandalone target not found
Refreshing native plugins compatible for Editor in 0.20 ms, found 0 plugins.
Preloading 0 native plugins for Editor in 0.00 ms.
Invoked RoslynAnalysisRunner static constructor.
RoslynAnalysisRunner will not be running.
RoslynAnalysisRunner has terminated.
Mono: successfully reloaded assembly
- Completed reload, in  0.702 seconds
Platform modules already initialized, skipping
Switching build target platform(5) subTarget(0) extendedPlatform(0) -> platform(13) subTarget(537395200) extendedPlatform(0)
Refreshing native plugins compatible for Editor in 0.26 ms, found 0 plugins.
Preloading 0 native plugins for Editor in 0.00 ms.
Unloading 1161 Unused Serialized files (Serialized files now loaded: 0)
System memory in use before: 65.2 MB.
System memory in use after: 64.6 MB.

Unloading 17 unused Assets to reduce memory usage. Loaded Objects now: 1664.
Total: 1.998400 ms (FindLiveObjects: 0.185800 ms CreateObjectMapping: 0.032900 ms MarkObjects: 1.392200 ms  DeleteObjects: 0.386900 ms)

AssetImportParameters requested are different than current active one (requested -> active):
  custom:graphics/normal-map-encoding: 01000000000000000000000000000000 -> 02000000000000000000000000000000
========================================================================
Received Import Request.
  Time since last request: 380.347998 seconds.
  path: Assets/script/hareket.cs
  artifactKey: Guid(54443766c41152f40b9adae19ef371ad) Importer(815301076,1909f56bfc062723c751e8b465ee728b)
Start importing Assets/script/hareket.cs using Guid(54443766c41152f40b9adae19ef371ad) Importer(815301076,1909f56bfc062723c751e8b465ee728b)  -> (artifact id: 'cbb4cb956cf41f9bdc397b5b8c593ef1') in 0.004047 seconds
  Import took 0.005843 seconds .

========================================================================
Received Import Request.
  Time since last request: 1.426010 seconds.
  path: Assets/script/hareket.cs
  artifactKey: Guid(54443766c41152f40b9adae19ef371ad) Importer(815301076,1909f56bfc062723c751e8b465ee728b)
Start importing Assets/script/hareket.cs using Guid(54443766c41152f40b9adae19ef371ad) Importer(815301076,1909f56bfc062723c751e8b465ee728b)  -> (artifact id: 'cbb4cb956cf41f9bdc397b5b8c593ef1') in 0.002210 seconds
  Import took 0.003900 seconds .

========================================================================
Received Prepare
Registering precompiled user dll's ...
Registered in 0.000487 seconds.
Begin MonoManager ReloadAssembly
Native extension for WindowsStandalone target not found
Refreshing native plugins compatible for Editor in 0.20 ms, found 0 plugins.
Preloading 0 native plugins for Editor in 0.00 ms.
Invoked RoslynAnalysisRunner static constructor.
RoslynAnalysisRunner will not be running.
RoslynAnalysisRunner has terminated.
Mono: successfully reloaded assembly
- Completed reload, in  0.690 seconds
Platform modules already initialized, skipping
Switching build target platform(5) subTarget(0) extendedPlatform(0) -> platform(13) subTarget(537395200) extendedPlatform(0)
Refreshing native plugins compatible for Editor in 0.20 ms, found 0 plugins.
Preloading 0 native plugins for Editor in 0.00 ms.
Unloading 1161 Unused Serialized files (Serialized files now loaded: 0)
System memory in use before: 65.2 MB.
System memory in use after: 64.7 MB.

Unloading 17 unused Assets to reduce memory usage. Loaded Objects now: 1667.
Total: 1.774700 ms (FindLiveObjects: 0.223000 ms CreateObjectMapping: 0.028700 ms MarkObjects: 1.273500 ms  DeleteObjects: 0.247600 ms)

AssetImportParameters requested are different than current active one (requested -> active):
  custom:graphics/normal-map-encoding: 01000000000000000000000000000000 -> 02000000000000000000000000000000
========================================================================
Received Prepare
Registering precompiled user dll's ...
Registered in 0.000553 seconds.
Begin MonoManager ReloadAssembly
Native extension for WindowsStandalone target not found
Refreshing native plugins compatible for Editor in 0.21 ms, found 0 plugins.
Preloading 0 native plugins for Editor in 0.00 ms.
Invoked RoslynAnalysisRunner static constructor.
RoslynAnalysisRunner will not be running.
RoslynAnalysisRunner has terminated.
Mono: successfully reloaded assembly
- Completed reload, in  0.701 seconds
Platform modules already initialized, skipping
Switching build target platform(5) subTarget(0) extendedPlatform(0) -> platform(13) subTarget(537395200) extendedPlatform(0)
Refreshing native plugins compatible for Editor in 0.24 ms, found 0 plugins.
Preloading 0 native plugins for Editor in 0.00 ms.
Unloading 1161 Unused Serialized files (Serialized files now loaded: 0)
System memory in use before: 65.2 MB.
System memory in use after: 64.7 MB.

Unloading 17 unused Assets to reduce memory usage. Loaded Objects now: 1670.
Total: 2.037600 ms (FindLiveObjects: 0.186200 ms CreateObjectMapping: 0.035000 ms MarkObjects: 1.436300 ms  DeleteObjects: 0.379400 ms)

AssetImportParameters requested are different than current active one (requested -> active):
  custom:graphics/normal-map-encoding: 01000000000000000000000000000000 -> 02000000000000000000000000000000
========================================================================
Received Prepare
Registering precompiled user dll's ...
Registered in 0.000455 seconds.
Begin MonoManager ReloadAssembly
Native extension for WindowsStandalone target not found
Refreshing native plugins compatible for Editor in 0.20 ms, found 0 plugins.
Preloading 0 native plugins for Editor in 0.00 ms.
Invoked RoslynAnalysisRunner static constructor.
RoslynAnalysisRunner will not be running.
RoslynAnalysisRunner has terminated.
Mono: successfully reloaded assembly
- Completed reload, in  0.691 seconds
Platform modules already initialized, skipping
Switching build target platform(5) subTarget(0) extendedPlatform(0) -> platform(13) subTarget(537395200) extendedPlatform(0)
Refreshing native plugins compatible for Editor in 0.21 ms, found 0 plugins.
Preloading 0 native plugins for Editor in 0.00 ms.
Unloading 1161 Unused Serialized files (Serialized files now loaded: 0)
System memory in use before: 65.2 MB.
System memory in use after: 64.7 MB.

Unloading 17 unused Assets to reduce memory usage. Loaded Objects now: 1673.
Total: 2.749500 ms (FindLiveObjects: 0.218700 ms CreateObjectMapping: 0.036800 ms MarkObjects: 2.151600 ms  DeleteObjects: 0.341800 ms)

AssetImportParameters requested are different than current active one (requested -> active):
  custom:graphics/normal-map-encoding: 01000000000000000000000000000000 -> 02000000000000000000000000000000
========================================================================
Received Prepare
Registering precompiled user dll's ...
Registered in 0.000563 seconds.
Begin MonoManager ReloadAssembly
Native extension for WindowsStandalone target not found
Refreshing native plugins compatible for Editor in 0.19 ms, found 0 plugins.
Preloading 0 native plugins for Editor in 0.00 ms.
Invoked RoslynAnalysisRunner static constructor.
RoslynAnalysisRunner will not be running.
RoslynAnalysisRunner has terminated.
Mono: successfully reloaded assembly
- Completed reload, in  0.719 seconds
Platform modules already initialized, skipping
Switching build target platform(5) subTarget(0) extendedPlatform(0) -> platform(13) subTarget(537395200) extendedPlatform(0)
Refreshing native plugins compatible for Editor in 0.25 ms, found 0 plugins.
Preloading 0 native plugins for Editor in 0.00 ms.
Unloading 1161 Unused Serialized files (Serialized files now loaded: 0)
System memory in use before: 65.2 MB.
System memory in use after: 64.7 MB.

Unloading 17 unused Assets to reduce memory usage. Loaded Objects now: 1676.
Total: 2.023700 ms (FindLiveObjects: 0.256700 ms CreateObjectMapping: 0.046500 ms MarkObjects: 1.385600 ms  DeleteObjects: 0.334100 ms)

AssetImportParameters requested are different than current active one (requested -> active):
  custom:graphics/normal-map-encoding: 01000000000000000000000000000000 -> 02000000000000000000000000000000
========================================================================
Received Prepare
Registering precompiled user dll's ...
Registered in 0.000516 seconds.
Begin MonoManager ReloadAssembly
Native extension for WindowsStandalone target not found
Refreshing native plugins compatible for Editor in 0.28 ms, found 0 plugins.
Preloading 0 native plugins for Editor in 0.00 ms.
Invoked RoslynAnalysisRunner static constructor.
RoslynAnalysisRunner will not be running.
RoslynAnalysisRunner has terminated.
Mono: successfully reloaded assembly
- Completed reload, in  0.725 seconds
Platform modules already initialized, skipping
Switching build target platform(5) subTarget(0) extendedPlatform(0) -> platform(13) subTarget(537395200) extendedPlatform(0)
Refreshing native plugins compatible for Editor in 0.25 ms, found 0 plugins.
Preloading 0 native plugins for Editor in 0.00 ms.
Unloading 1161 Unused Serialized files (Serialized files now loaded: 0)
System memory in use before: 65.2 MB.
System memory in use after: 64.7 MB.

Unloading 17 unused Assets to reduce memory usage. Loaded Objects now: 1679.
Total: 1.934000 ms (FindLiveObjects: 0.211300 ms CreateObjectMapping: 0.078100 ms MarkObjects: 1.332200 ms  DeleteObjects: 0.311700 ms)

AssetImportParameters requested are different than current active one (requested -> active):
  custom:graphics/normal-map-encoding: 01000000000000000000000000000000 -> 02000000000000000000000000000000
========================================================================
Received Prepare
Registering precompiled user dll's ...
Registered in 0.000470 seconds.
Begin MonoManager ReloadAssembly
Native extension for WindowsStandalone target not found
Refreshing native plugins compatible for Editor in 0.19 ms, found 0 plugins.
Preloading 0 native plugins for Editor in 0.00 ms.
Invoked RoslynAnalysisRunner static constructor.
RoslynAnalysisRunner will not be running.
RoslynAnalysisRunner has terminated.
Mono: successfully reloaded assembly
- Completed reload, in  0.719 seconds
Platform modules already initialized, skipping
Switching build target platform(5) subTarget(0) extendedPlatform(0) -> platform(13) subTarget(537395200) extendedPlatform(0)
Refreshing native plugins compatible for Editor in 0.25 ms, found 0 plugins.
Preloading 0 native plugins for Editor in 0.00 ms.
Unloading 1161 Unused Serialized files (Serialized files now loaded: 0)
System memory in use before: 65.2 MB.
System memory in use after: 64.7 MB.

Unloading 17 unused Assets to reduce memory usage. Loaded Objects now: 1682.
Total: 1.950600 ms (FindLiveObjects: 0.167400 ms CreateObjectMapping: 0.034000 ms MarkObjects: 1.437000 ms  DeleteObjects: 0.311400 ms)

AssetImportParameters requested are different than current active one (requested -> active):
  custom:graphics/normal-map-encoding: 01000000000000000000000000000000 -> 02000000000000000000000000000000
========================================================================
Received Prepare
Registering precompiled user dll's ...
Registered in 0.000570 seconds.
Begin MonoManager ReloadAssembly
Native extension for WindowsStandalone target not found
Refreshing native plugins compatible for Editor in 0.19 ms, found 0 plugins.
Preloading 0 native plugins for Editor in 0.00 ms.
Invoked RoslynAnalysisRunner static constructor.
RoslynAnalysisRunner will not be running.
RoslynAnalysisRunner has terminated.
Mono: successfully reloaded assembly
- Completed reload, in  0.743 seconds
Platform modules already initialized, skipping
Switching build target platform(5) subTarget(0) extendedPlatform(0) -> platform(13) subTarget(537395200) extendedPlatform(0)
Refreshing native plugins compatible for Editor in 0.26 ms, found 0 plugins.
Preloading 0 native plugins for Editor in 0.00 ms.
Unloading 1161 Unused Serialized files (Serialized files now loaded: 0)
System memory in use before: 65.2 MB.
System memory in use after: 64.7 MB.

Unloading 17 unused Assets to reduce memory usage. Loaded Objects now: 1685.
Total: 1.635100 ms (FindLiveObjects: 0.109500 ms CreateObjectMapping: 0.025100 ms MarkObjects: 1.237900 ms  DeleteObjects: 0.261900 ms)

AssetImportParameters requested are different than current active one (requested -> active):
  custom:graphics/normal-map-encoding: 01000000000000000000000000000000 -> 02000000000000000000000000000000
========================================================================
Received Prepare
Registering precompiled user dll's ...
Registered in 0.000638 seconds.
Begin MonoManager ReloadAssembly
Native extension for WindowsStandalone target not found
Refreshing native plugins compatible for Editor in 0.19 ms, found 0 plugins.
Preloading 0 native plugins for Editor in 0.00 ms.
Invoked RoslynAnalysisRunner static constructor.
RoslynAnalysisRunner will not be running.
RoslynAnalysisRunner has terminated.
Mono: successfully reloaded assembly
- Completed reload, in  0.733 seconds
Platform modules already initialized, skipping
Switching build target platform(5) subTarget(0) extendedPlatform(0) -> platform(13) subTarget(537395200) extendedPlatform(0)
Refreshing native plugins compatible for Editor in 0.37 ms, found 0 plugins.
Preloading 0 native plugins for Editor in 0.00 ms.
Unloading 1161 Unused Serialized files (Serialized files now loaded: 0)
System memory in use before: 65.3 MB.
System memory in use after: 64.7 MB.

Unloading 17 unused Assets to reduce memory usage. Loaded Objects now: 1688.
Total: 1.749900 ms (FindLiveObjects: 0.129900 ms CreateObjectMapping: 0.031900 ms MarkObjects: 1.327000 ms  DeleteObjects: 0.260300 ms)

AssetImportParameters requested are different than current active one (requested -> active):
  custom:graphics/normal-map-encoding: 01000000000000000000000000000000 -> 02000000000000000000000000000000
AssetImportWorkerClient::OnTransportError - code=2 error=End of file
